<?xml version="1.0" encoding="UTF-8"?>
<!-- Generated by org.testng.reporters.JUnitXMLReporter -->
<testsuite ignored="0" hostname="INLPF1AX91E" failures="1" tests="3" name="ErrorValidationtest" time="60.476" errors="0" timestamp="2024-11-08T17:44:58 IST">
  <testcase classname="Framework.Eshopping.ErrorValidation" name="VerifyLoginErrorMessage" time="0.554"/>
  <testcase classname="Framework.Eshopping.ErrorValidation" name="verifyProductDisplayInCartPage" time="4.265">
    <skipped/>
  </testcase> <!-- verifyProductDisplayInCartPage -->
  <testcase classname="Framework.Eshopping.ErrorValidation" name="verifyProductDisplayInCartPage" time="4.505">
    <failure type="java.lang.AssertionError" message="expected [ZARA COAT 33] but found [ZARA COAT 3]">
      <![CDATA[java.lang.AssertionError: expected [ZARA COAT 33] but found [ZARA COAT 3]
at Framework.Eshopping.ErrorValidation.verifyProductDisplayInCartPage(ErrorValidation.java:28)
at java.base/java.util.ArrayList.forEach(ArrayList.java:1511)
at java.base/java.util.concurrent.FutureTask.run(FutureTask.java:264)
at java.base/java.util.concurrent.ThreadPoolExecutor.runWorker(ThreadPoolExecutor.java:1136)
at java.base/java.util.concurrent.ThreadPoolExecutor$Worker.run(ThreadPoolExecutor.java:635)
at java.base/java.lang.Thread.run(Thread.java:833)
... Removed 23 stack frames]]>
    </failure>
  </testcase> <!-- verifyProductDisplayInCartPage -->
</testsuite> <!-- ErrorValidationtest -->
