<?xml version="1.0" encoding="UTF-8"?>
<!-- Generated by org.testng.reporters.JUnitXMLReporter -->
<testsuite ignored="0" hostname="INLPF1AX91E" failures="1" tests="3" name="Placingordertest" time="62.05" errors="0" timestamp="2024-11-08T17:44:58 IST">
  <testcase classname="Framework.Eshopping.Potest" name="placeOrder" time="5.545"/>
  <testcase classname="Framework.Eshopping.Potest" name="placeOrder" time="5.755"/>
  <testcase classname="Framework.Eshopping.Potest" name="verifyProductDisplayInOrderPage" time="1.235">
    <failure type="java.lang.AssertionError" message="expected [true] but found [false]">
      <![CDATA[java.lang.AssertionError: expected [true] but found [false]
at Framework.Eshopping.Potest.verifyProductDisplayInOrderPage(Potest.java:75)
at java.base/java.util.ArrayList.forEach(ArrayList.java:1511)
at java.base/java.util.concurrent.FutureTask.run(FutureTask.java:264)
at java.base/java.util.concurrent.ThreadPoolExecutor.runWorker(ThreadPoolExecutor.java:1136)
at java.base/java.util.concurrent.ThreadPoolExecutor$Worker.run(ThreadPoolExecutor.java:635)
at java.base/java.lang.Thread.run(Thread.java:833)
... Removed 23 stack frames]]>
    </failure>
  </testcase> <!-- verifyProductDisplayInOrderPage -->
</testsuite> <!-- Placingordertest -->
