<?xml version="1.0" encoding="UTF-8"?>
<!-- Generated by org.testng.reporters.JUnitXMLReporter -->
<testsuite ignored="0" hostname="INLPF1AX91E" failures="2" tests="3" name="Error Validations Test" time="129.614" errors="0" timestamp="2024-11-12T22:08:12 IST">
  <testcase classname="Framework.Eshopping.ErrorValidation" name="VerifyLoginErrorMessage" time="0.402">
    <failure type="java.lang.AssertionError" message="expected [Incorrect email or password.] but found []">
      <![CDATA[java.lang.AssertionError: expected [Incorrect email or password.] but found []
at Framework.Eshopping.ErrorValidation.VerifyLoginErrorMessage(ErrorValidation.java:14)
at java.base/java.util.ArrayList.forEach(ArrayList.java:1541)
... Removed 37 stack frames]]>
    </failure>
  </testcase> <!-- VerifyLoginErrorMessage -->
  <testcase classname="Framework.Eshopping.ErrorValidation" name="verifyProductDisplayInCartPage" time="3.656">
    <skipped/>
  </testcase> <!-- verifyProductDisplayInCartPage -->
  <testcase classname="Framework.Eshopping.ErrorValidation" name="verifyProductDisplayInCartPage" time="3.653">
    <failure type="java.lang.AssertionError" message="expected [ZARA COAT 33] but found [ZARA COAT 3]">
      <![CDATA[java.lang.AssertionError: expected [ZARA COAT 33] but found [ZARA COAT 3]
at Framework.Eshopping.ErrorValidation.verifyProductDisplayInCartPage(ErrorValidation.java:28)
at java.base/java.util.ArrayList.forEach(ArrayList.java:1541)
... Removed 37 stack frames]]>
    </failure>
  </testcase> <!-- verifyProductDisplayInCartPage -->
</testsuite> <!-- Error Validations Test -->
