<?xml version="1.0" encoding="UTF-8"?>
<!-- Generated by org.testng.reporters.JUnitXMLReporter -->
<testsuite ignored="0" hostname="INLPF1AX91E" failures="2" tests="3" name="ErrorValidationtest" time="126.102" errors="0" timestamp="2024-11-12T20:16:38 IST">
  <testcase classname="Framework.Eshopping.ErrorValidation" name="VerifyLoginErrorMessage" time="19.818">
    <failure type="java.lang.AssertionError" message="expected [Incorrect email or password.] but found []">
      <![CDATA[java.lang.AssertionError: expected [Incorrect email or password.] but found []
at Framework.Eshopping.ErrorValidation.VerifyLoginErrorMessage(ErrorValidation.java:14)
at java.base/java.util.ArrayList.forEach(ArrayList.java:1541)
at java.base/java.util.concurrent.FutureTask.run(FutureTask.java:264)
at java.base/java.util.concurrent.ThreadPoolExecutor.runWorker(ThreadPoolExecutor.java:1128)
at java.base/java.util.concurrent.ThreadPoolExecutor$Worker.run(ThreadPoolExecutor.java:628)
at java.base/java.lang.Thread.run(Thread.java:829)
... Removed 23 stack frames]]>
    </failure>
  </testcase> <!-- VerifyLoginErrorMessage -->
  <testcase classname="Framework.Eshopping.ErrorValidation" name="verifyProductDisplayInCartPage" time="3.39">
    <skipped/>
  </testcase> <!-- verifyProductDisplayInCartPage -->
  <testcase classname="Framework.Eshopping.ErrorValidation" name="verifyProductDisplayInCartPage" time="4.207">
    <failure type="java.lang.AssertionError" message="expected [ZARA COAT 33] but found [ZARA COAT 3]">
      <![CDATA[java.lang.AssertionError: expected [ZARA COAT 33] but found [ZARA COAT 3]
at Framework.Eshopping.ErrorValidation.verifyProductDisplayInCartPage(ErrorValidation.java:28)
at java.base/java.util.ArrayList.forEach(ArrayList.java:1541)
at java.base/java.util.concurrent.FutureTask.run(FutureTask.java:264)
at java.base/java.util.concurrent.ThreadPoolExecutor.runWorker(ThreadPoolExecutor.java:1128)
at java.base/java.util.concurrent.ThreadPoolExecutor$Worker.run(ThreadPoolExecutor.java:628)
at java.base/java.lang.Thread.run(Thread.java:829)
... Removed 23 stack frames]]>
    </failure>
  </testcase> <!-- verifyProductDisplayInCartPage -->
</testsuite> <!-- ErrorValidationtest -->
