<?xml version="1.0" encoding="UTF-8"?>
<!-- Generated by org.testng.reporters.JUnitXMLReporter -->
<testsuite ignored="0" hostname="INLPF1AX91E" failures="1" tests="3" name="Placingordertest" time="123.224" errors="0" timestamp="2024-11-12T20:16:36 IST">
  <testcase classname="Framework.Eshopping.Potest" name="placeOrder" time="24.517"/>
  <testcase classname="Framework.Eshopping.Potest" name="placeOrder" time="5.105"/>
  <testcase classname="Framework.Eshopping.Potest" name="verifyProductDisplayInOrderPage" time="1.219">
    <failure type="java.lang.AssertionError" message="expected [true] but found [false]">
      <![CDATA[java.lang.AssertionError: expected [true] but found [false]
at Framework.Eshopping.Potest.verifyProductDisplayInOrderPage(Potest.java:75)
at java.base/java.util.ArrayList.forEach(ArrayList.java:1541)
at java.base/java.util.concurrent.FutureTask.run(FutureTask.java:264)
at java.base/java.util.concurrent.ThreadPoolExecutor.runWorker(ThreadPoolExecutor.java:1128)
at java.base/java.util.concurrent.ThreadPoolExecutor$Worker.run(ThreadPoolExecutor.java:628)
at java.base/java.lang.Thread.run(Thread.java:829)
... Removed 23 stack frames]]>
    </failure>
  </testcase> <!-- verifyProductDisplayInOrderPage -->
</testsuite> <!-- Placingordertest -->
